<?xml version="1.0" encoding="UTF-8"?>
<!-- Generated by org.testng.reporters.JUnitReportReporter -->
<testsuite hostname="DESKTOP-KA91B3B" failures="0" tests="1" name="com.guru99BankingDemo.testCases.ManagerModuleTest" time="5.091" errors="0" timestamp="2021-04-14T17:36:51 BDT" skipped="0">
  <testcase classname="com.guru99BankingDemo.testCases.ManagerModuleTest" name="doManagerRegistration" time="5.091"/>
  <system-out/>
</testsuite> <!-- com.guru99BankingDemo.testCases.ManagerModuleTest -->
