<?xml version="1.0" encoding="UTF-8"?>
<!-- Generated by org.testng.reporters.JUnitReportReporter -->
<testsuite hostname="DESKTOP-KA91B3B" failures="0" tests="6" name="com.guru99BankingDemo.testCases.CustomerModuleTest" time="0.000" errors="0" timestamp="2021-04-18T22:29:54 BDT" skipped="6">
  <testcase classname="com.guru99BankingDemo.testCases.CustomerModuleTest" name="deleteCustomerUsingInvalidId" time="0.000">
    <skipped/>
  </testcase> <!-- deleteCustomerUsingInvalidId -->
  <system-out/>
  <testcase classname="com.guru99BankingDemo.testCases.CustomerModuleTest" name="deleteCustomerUsingValidId">
    <skipped/>
  </testcase> <!-- deleteCustomerUsingValidId -->
  <system-out/>
  <testcase classname="com.guru99BankingDemo.testCases.CustomerModuleTest" name="addCustomerUsingValidData">
    <skipped/>
  </testcase> <!-- addCustomerUsingValidData -->
  <system-out/>
  <testcase classname="com.guru99BankingDemo.testCases.CustomerModuleTest" name="addCustomerUsingInvalidData">
    <skipped/>
  </testcase> <!-- addCustomerUsingInvalidData -->
  <system-out/>
  <testcase classname="com.guru99BankingDemo.testCases.CustomerModuleTest" name="resetCustomerForm">
    <skipped/>
  </testcase> <!-- resetCustomerForm -->
  <system-out/>
  <testcase classname="com.guru99BankingDemo.testCases.CustomerModuleTest" name="resetDeleteCustomerForm">
    <skipped/>
  </testcase> <!-- resetDeleteCustomerForm -->
  <system-out/>
</testsuite> <!-- com.guru99BankingDemo.testCases.CustomerModuleTest -->
