<?xml version="1.0" encoding="UTF-8"?>
<!-- Generated by org.testng.reporters.JUnitReportReporter -->
<testsuite hostname="DESKTOP-KA91B3B" failures="0" tests="3" name="com.guru99BankingDemo.testCases.ManagerModuleTest" time="6.859" errors="0" timestamp="2021-04-16T16:34:01 BDT" skipped="2">
  <testcase classname="com.guru99BankingDemo.testCases.ManagerModuleTest" name="doManagerLogout" time="6.859"/>
  <system-out/>
  <testcase classname="com.guru99BankingDemo.testCases.ManagerModuleTest" name="doManagerLogin">
    <skipped/>
  </testcase> <!-- doManagerLogin -->
  <system-out/>
  <testcase classname="com.guru99BankingDemo.testCases.ManagerModuleTest" name="doManagerRegistration">
    <skipped/>
  </testcase> <!-- doManagerRegistration -->
  <system-out/>
</testsuite> <!-- com.guru99BankingDemo.testCases.ManagerModuleTest -->
