<?xml version="1.0" encoding="UTF-8"?>
<!-- Generated by org.testng.reporters.JUnitReportReporter -->
<testsuite hostname="DESKTOP-KA91B3B" failures="0" tests="2" name="com.inetBankingDemo.testCases.TC_DeleteAccountTest_008" time="10.304" errors="0" timestamp="2021-03-14T10:30:09 BDT" skipped="0">
  <testcase classname="com.inetBankingDemo.testCases.TC_DeleteAccountTest_008" name="loginToTheApplication" time="5.207"/>
  <system-out/>
  <testcase classname="com.inetBankingDemo.testCases.TC_DeleteAccountTest_008" name="deleteCustomer" time="5.097"/>
  <system-out/>
</testsuite> <!-- com.inetBankingDemo.testCases.TC_DeleteAccountTest_008 -->
