<?xml version="1.0" encoding="UTF-8"?>
<!-- Generated by org.testng.reporters.JUnitReportReporter -->
<testsuite hostname="DESKTOP-KA91B3B" failures="0" tests="2" name="com.inetBankingDemo.testCases.TC_NewAccountTest_006" time="7.410" errors="0" timestamp="2021-03-14T09:20:17 BDT" skipped="0">
  <testcase classname="com.inetBankingDemo.testCases.TC_NewAccountTest_006" name="loginToTheApplication" time="5.026"/>
  <system-out/>
  <testcase classname="com.inetBankingDemo.testCases.TC_NewAccountTest_006" name="createNewAccount" time="2.384"/>
  <system-out/>
</testsuite> <!-- com.inetBankingDemo.testCases.TC_NewAccountTest_006 -->
