<?xml version="1.0" encoding="UTF-8"?>
<!-- Generated by org.testng.reporters.JUnitReportReporter -->
<testsuite hostname="DESKTOP-KA91B3B" failures="0" tests="3" name="com.inetBankingDemo.testCases.TC_EditAccountTest_007" time="15.872" errors="0" timestamp="2021-03-14T10:09:45 BDT" skipped="0">
  <testcase classname="com.inetBankingDemo.testCases.TC_EditAccountTest_007" name="loginToTheApplication" time="5.150"/>
  <system-out/>
  <testcase classname="com.inetBankingDemo.testCases.TC_EditAccountTest_007" name="accountIdVerification" time="6.368"/>
  <system-out/>
  <testcase classname="com.inetBankingDemo.testCases.TC_EditAccountTest_007" name="editAccountInputFields" time="4.354"/>
  <system-out/>
</testsuite> <!-- com.inetBankingDemo.testCases.TC_EditAccountTest_007 -->
