<?xml version="1.0" encoding="UTF-8"?>
<!-- Generated by org.testng.reporters.JUnitReportReporter -->
<testsuite hostname="DESKTOP-KA91B3B" failures="0" tests="2" name="com.inetBankingDemo.testCases.TC_AddCustomerTest_003" time="13.579" errors="0" timestamp="2021-03-11T16:06:11 BDT" skipped="0">
  <testcase classname="com.inetBankingDemo.testCases.TC_AddCustomerTest_003" name="addNewcustomer" time="5.317"/>
  <system-out/>
  <testcase classname="com.inetBankingDemo.testCases.TC_AddCustomerTest_003" name="addNewcustomer2" time="8.262"/>
  <system-out/>
</testsuite> <!-- com.inetBankingDemo.testCases.TC_AddCustomerTest_003 -->
